time=2026-02-27T01:12:16.310+08:00 level=INFO msg="Daemon started" interval=5s auto_commit=false auto_push=false
time=2026-02-27T01:12:16.310+08:00 level=INFO msg="using database" path=/Users/david/Projects/FA2/plresearch.org/.beads/beads.db
time=2026-02-27T01:12:16.332+08:00 level=INFO msg="database opened" path=/Users/david/Projects/FA2/plresearch.org/.beads/beads.db backend=sqlite freshness_checking=true
time=2026-02-27T01:12:16.332+08:00 level=INFO msg="upgrading .beads/.gitignore"
time=2026-02-27T01:12:16.332+08:00 level=WARN msg="failed to upgrade .gitignore" error="open .beads/.gitignore: no such file or directory"
time=2026-02-27T01:12:16.337+08:00 level=INFO msg="Repository fingerprint validated" repo_id=c76e6424
time=2026-02-27T01:12:16.337+08:00 level=INFO msg="starting RPC server" socket=/Users/david/Projects/FA2/plresearch.org/.beads/bd.sock
time=2026-02-27T01:12:16.338+08:00 level=INFO msg="RPC server ready (socket listening)"
time=2026-02-27T01:12:16.345+08:00 level=INFO msg="registered in global registry"
time=2026-02-27T01:12:16.345+08:00 level=WARN msg="initial import failed (continuing anyway)" error="failed to open JSONL: open /Users/david/Projects/FA2/plresearch.org/.beads/issues.jsonl: no such file or directory"
time=2026-02-27T01:12:16.345+08:00 level=INFO msg="Starting sync cycle" mode="sync cycle"
time=2026-02-27T01:12:16.346+08:00 level=INFO msg="Exported to JSONL"
time=2026-02-27T01:12:17.071+08:00 level=INFO msg="Pull failed" error="git pull failed: exit status 1\nfatal: couldn't find remote ref grants-and-graphs\n"
time=2026-02-27T01:12:17.072+08:00 level=INFO msg="monitoring parent process" pid=0
time=2026-02-27T01:12:17.072+08:00 level=INFO msg="using event-driven mode"
time=2026-02-27T01:12:17.074+08:00 level=INFO msg="Auto-pull disabled: use 'git pull' manually to sync remote changes"
time=2026-02-27T01:12:39.306+08:00 level=INFO msg="Mutation detected" type=create issue_id=plresearch.org-epv
time=2026-02-27T01:12:39.808+08:00 level=INFO msg="Export triggered by mutation events"
time=2026-02-27T01:12:39.809+08:00 level=INFO msg=Starting mode=export
time=2026-02-27T01:12:39.814+08:00 level=INFO msg="JSONL removed/renamed, re-establishing watch"
time=2026-02-27T01:12:39.814+08:00 level=INFO msg="Exported to JSONL"
time=2026-02-27T01:12:39.814+08:00 level=INFO msg="Export complete"
time=2026-02-27T01:12:39.865+08:00 level=INFO msg="Successfully re-established JSONL watch" delay=50ms
time=2026-02-27T01:12:39.865+08:00 level=INFO msg="JSONL file created" path=/Users/david/Projects/FA2/plresearch.org/.beads/issues.jsonl
time=2026-02-27T01:12:40.866+08:00 level=INFO msg="Import triggered by file change"
time=2026-02-27T01:12:40.868+08:00 level=INFO msg="Starting auto-import" mode=auto-import
time=2026-02-27T01:12:41.735+08:00 level=INFO msg="Pull failed" error="git pull failed: exit status 1\nfatal: couldn't find remote ref grants-and-graphs\n" backoff=30s
time=2026-02-27T01:12:58.046+08:00 level=INFO msg="Mutation detected" type=create issue_id=plresearch.org-epv.1
time=2026-02-27T01:12:58.548+08:00 level=INFO msg="Export triggered by mutation events"
time=2026-02-27T01:12:58.548+08:00 level=INFO msg=Starting mode=export
time=2026-02-27T01:12:58.551+08:00 level=INFO msg="JSONL removed/renamed, re-establishing watch"
time=2026-02-27T01:12:58.551+08:00 level=INFO msg="Exported to JSONL"
time=2026-02-27T01:12:58.551+08:00 level=INFO msg="Export complete"
time=2026-02-27T01:12:58.603+08:00 level=INFO msg="Successfully re-established JSONL watch" delay=50ms
time=2026-02-27T01:12:58.603+08:00 level=INFO msg="JSONL file created" path=/Users/david/Projects/FA2/plresearch.org/.beads/issues.jsonl
time=2026-02-27T01:12:59.605+08:00 level=INFO msg="Import triggered by file change"
time=2026-02-27T01:12:59.607+08:00 level=INFO msg="Skipping: in backoff period" mode=auto-import
time=2026-02-27T01:13:25.041+08:00 level=INFO msg="Mutation detected" type=create issue_id=plresearch.org-epv.2
time=2026-02-27T01:13:25.542+08:00 level=INFO msg="Export triggered by mutation events"
time=2026-02-27T01:13:25.543+08:00 level=INFO msg=Starting mode=export
time=2026-02-27T01:13:25.547+08:00 level=INFO msg="JSONL removed/renamed, re-establishing watch"
time=2026-02-27T01:13:25.547+08:00 level=INFO msg="Exported to JSONL"
time=2026-02-27T01:13:25.547+08:00 level=INFO msg="Export complete"
time=2026-02-27T01:13:25.598+08:00 level=INFO msg="Successfully re-established JSONL watch" delay=50ms
time=2026-02-27T01:13:25.598+08:00 level=INFO msg="JSONL file created" path=/Users/david/Projects/FA2/plresearch.org/.beads/issues.jsonl
time=2026-02-27T01:13:26.600+08:00 level=INFO msg="Import triggered by file change"
time=2026-02-27T01:13:26.601+08:00 level=INFO msg="Starting auto-import" mode=auto-import
time=2026-02-27T01:13:27.417+08:00 level=INFO msg="Pull failed" error="git pull failed: exit status 1\nfatal: couldn't find remote ref grants-and-graphs\n" backoff=1m0s
time=2026-02-27T01:13:43.756+08:00 level=INFO msg="Mutation detected" type=create issue_id=plresearch.org-epv.3
time=2026-02-27T01:13:44.257+08:00 level=INFO msg="Export triggered by mutation events"
time=2026-02-27T01:13:44.258+08:00 level=INFO msg=Starting mode=export
time=2026-02-27T01:13:44.273+08:00 level=INFO msg="Exported to JSONL"
time=2026-02-27T01:13:44.273+08:00 level=INFO msg="JSONL removed/renamed, re-establishing watch"
time=2026-02-27T01:13:44.273+08:00 level=INFO msg="Export complete"
time=2026-02-27T01:13:44.324+08:00 level=INFO msg="Successfully re-established JSONL watch" delay=50ms
time=2026-02-27T01:13:44.324+08:00 level=INFO msg="JSONL file created" path=/Users/david/Projects/FA2/plresearch.org/.beads/issues.jsonl
time=2026-02-27T01:13:45.326+08:00 level=INFO msg="Import triggered by file change"
time=2026-02-27T01:13:45.329+08:00 level=INFO msg="Skipping: in backoff period" mode=auto-import
time=2026-02-27T01:14:09.021+08:00 level=INFO msg="Mutation detected" type=create issue_id=plresearch.org-epv.4
time=2026-02-27T01:14:09.524+08:00 level=INFO msg="Export triggered by mutation events"
time=2026-02-27T01:14:09.524+08:00 level=INFO msg=Starting mode=export
time=2026-02-27T01:14:09.529+08:00 level=INFO msg="JSONL removed/renamed, re-establishing watch"
time=2026-02-27T01:14:09.529+08:00 level=INFO msg="Exported to JSONL"
time=2026-02-27T01:14:09.529+08:00 level=INFO msg="Export complete"
time=2026-02-27T01:14:09.586+08:00 level=INFO msg="Successfully re-established JSONL watch" delay=50ms
time=2026-02-27T01:14:09.586+08:00 level=INFO msg="JSONL file created" path=/Users/david/Projects/FA2/plresearch.org/.beads/issues.jsonl
time=2026-02-27T01:14:10.588+08:00 level=INFO msg="Import triggered by file change"
time=2026-02-27T01:14:10.591+08:00 level=INFO msg="Skipping: in backoff period" mode=auto-import
time=2026-02-27T01:14:28.389+08:00 level=INFO msg="Mutation detected" type=create issue_id=plresearch.org-epv.5
time=2026-02-27T01:14:28.890+08:00 level=INFO msg="Export triggered by mutation events"
time=2026-02-27T01:14:28.891+08:00 level=INFO msg=Starting mode=export
time=2026-02-27T01:14:28.902+08:00 level=INFO msg="JSONL removed/renamed, re-establishing watch"
time=2026-02-27T01:14:28.903+08:00 level=INFO msg="Exported to JSONL"
time=2026-02-27T01:14:28.903+08:00 level=INFO msg="Export complete"
time=2026-02-27T01:14:28.954+08:00 level=INFO msg="Successfully re-established JSONL watch" delay=50ms
time=2026-02-27T01:14:28.954+08:00 level=INFO msg="JSONL file created" path=/Users/david/Projects/FA2/plresearch.org/.beads/issues.jsonl
time=2026-02-27T01:14:29.958+08:00 level=INFO msg="Import triggered by file change"
time=2026-02-27T01:14:29.960+08:00 level=INFO msg="Starting auto-import" mode=auto-import
time=2026-02-27T01:14:30.684+08:00 level=INFO msg="Pull failed" error="git pull failed: exit status 1\nfatal: couldn't find remote ref grants-and-graphs\n" backoff=2m0s
time=2026-02-27T01:14:47.632+08:00 level=INFO msg="Mutation detected" type=create issue_id=plresearch.org-epv.6
time=2026-02-27T01:14:48.134+08:00 level=INFO msg="Export triggered by mutation events"
time=2026-02-27T01:14:48.135+08:00 level=INFO msg=Starting mode=export
time=2026-02-27T01:14:48.142+08:00 level=INFO msg="JSONL removed/renamed, re-establishing watch"
time=2026-02-27T01:14:48.143+08:00 level=INFO msg="Exported to JSONL"
time=2026-02-27T01:14:48.143+08:00 level=INFO msg="Export complete"
time=2026-02-27T01:14:48.194+08:00 level=INFO msg="Successfully re-established JSONL watch" delay=50ms
time=2026-02-27T01:14:48.194+08:00 level=INFO msg="JSONL file created" path=/Users/david/Projects/FA2/plresearch.org/.beads/issues.jsonl
time=2026-02-27T01:14:49.215+08:00 level=INFO msg="Import triggered by file change"
time=2026-02-27T01:14:49.218+08:00 level=INFO msg="Skipping: in backoff period" mode=auto-import
time=2026-02-27T01:15:08.028+08:00 level=INFO msg="Mutation detected" type=create issue_id=plresearch.org-epv.7
time=2026-02-27T01:15:08.529+08:00 level=INFO msg="Export triggered by mutation events"
time=2026-02-27T01:15:08.531+08:00 level=INFO msg=Starting mode=export
time=2026-02-27T01:15:08.540+08:00 level=INFO msg="JSONL removed/renamed, re-establishing watch"
time=2026-02-27T01:15:08.541+08:00 level=INFO msg="Exported to JSONL"
time=2026-02-27T01:15:08.541+08:00 level=INFO msg="Export complete"
time=2026-02-27T01:15:08.592+08:00 level=INFO msg="Successfully re-established JSONL watch" delay=50ms
time=2026-02-27T01:15:08.592+08:00 level=INFO msg="JSONL file created" path=/Users/david/Projects/FA2/plresearch.org/.beads/issues.jsonl
time=2026-02-27T01:15:09.594+08:00 level=INFO msg="Import triggered by file change"
time=2026-02-27T01:15:09.597+08:00 level=INFO msg="Skipping: in backoff period" mode=auto-import
time=2026-02-27T01:15:22.914+08:00 level=INFO msg="Mutation detected" type=create issue_id=plresearch.org-epv.8
time=2026-02-27T01:15:23.415+08:00 level=INFO msg="Export triggered by mutation events"
time=2026-02-27T01:15:23.416+08:00 level=INFO msg=Starting mode=export
time=2026-02-27T01:15:23.427+08:00 level=INFO msg="JSONL removed/renamed, re-establishing watch"
time=2026-02-27T01:15:23.427+08:00 level=INFO msg="Exported to JSONL"
time=2026-02-27T01:15:23.427+08:00 level=INFO msg="Export complete"
time=2026-02-27T01:15:23.478+08:00 level=INFO msg="Successfully re-established JSONL watch" delay=50ms
time=2026-02-27T01:15:23.478+08:00 level=INFO msg="JSONL file created" path=/Users/david/Projects/FA2/plresearch.org/.beads/issues.jsonl
time=2026-02-27T01:15:24.479+08:00 level=INFO msg="Import triggered by file change"
time=2026-02-27T01:15:24.482+08:00 level=INFO msg="Skipping: in backoff period" mode=auto-import
time=2026-02-27T01:15:27.199+08:00 level=INFO msg="JSONL removed/renamed, re-establishing watch"
time=2026-02-27T01:15:27.250+08:00 level=INFO msg="Successfully re-established JSONL watch" delay=50ms
time=2026-02-27T01:15:27.250+08:00 level=INFO msg="JSONL file created" path=/Users/david/Projects/FA2/plresearch.org/.beads/issues.jsonl
time=2026-02-27T01:15:28.252+08:00 level=INFO msg="Import triggered by file change"
time=2026-02-27T01:15:28.254+08:00 level=INFO msg="Skipping: in backoff period" mode=auto-import
